Build started 18/8/2015 4:57:41 PM.
     1>Project "C:\Users\Giggs\Desktop\SPTHREE\SP3 Framework\Base\Base.vcxproj" on node 2 (build target(s)).
     1>InitializeBuildStatus:
         Touching "Release\Base.unsuccessfulbuild".
       ClCompile:
         All outputs are up-to-date.
       Link:
         C:\Program Files (x86)\Microsoft Visual Studio 10.0\VC\bin\link.exe /ERRORREPORT:PROMPT /OUT:"C:\Users\Giggs\Desktop\SPTHREE\SP3 Framework\Release\Base.exe" /INCREMENTAL:NO /NOLOGO /LIBPATH:"C:\Users\Giggs\Desktop\SPTHREE\SP3 Framework\Release" /LIBPATH:"C:\Users\Giggs\Desktop\SPTHREE\SP3 Framework\/glfw/lib-msvc100" /LIBPATH:"C:\Users\Giggs\Desktop\SPTHREE\SP3 Framework\/glew/lib" /LIBPATH:"C:\Users\Giggs\Desktop\SPTHREE\SP3 Framework\\irrKlang\lib" Common.lib winmm.lib opengl32.lib glu32.lib glew32.lib glfw3.lib kernel32.lib user32.lib gdi32.lib winspool.lib comdlg32.lib advapi32.lib shell32.lib ole32.lib oleaut32.lib uuid.lib odbc32.lib odbccp32.lib /MANIFEST /ManifestFile:"Release\Base.exe.intermediate.manifest" /MANIFESTUAC:"level='asInvoker' uiAccess='false'" /DEBUG /PDB:"C:\Users\Giggs\Desktop\SPTHREE\SP3 Framework\Release\Base.pdb" /SUBSYSTEM:CONSOLE /OPT:REF /OPT:ICF /LTCG /TLBID:1 /DYNAMICBASE /NXCOMPAT /IMPLIB:"C:\Users\Giggs\Desktop\SPTHREE\SP3 Framework\Release\Base.lib" /MACHINE:X86 Release\Application.obj
         Release\Camera.obj
         Release\Camera3.obj
         Release\Enemy.obj
         Release\Goodies.obj
         Release\Hero.obj
         Release\LoadOBJ.obj
         Release\LoadTGA.obj
         Release\main.obj
         Release\Map.obj
         Release\Mesh.obj
         Release\MeshBuilder.obj
         Release\Pathing.obj
         Release\SceneText.obj
         Release\shader.obj
         Release\Strategy.obj
         Release\Strategy_Kill.obj
         Release\Utility.obj
         Generating code
         Finished generating code
         Base.vcxproj -> C:\Users\Giggs\Desktop\SPTHREE\SP3 Framework\Release\Base.exe
       Manifest:
         C:\Program Files (x86)\Microsoft SDKs\Windows\v7.0A\bin\mt.exe /nologo /verbose /outputresource:"C:\Users\Giggs\Desktop\SPTHREE\SP3 Framework\Release\Base.exe;#1" /manifest Release\Base.exe.intermediate.manifest
       FinalizeBuildStatus:
         Deleting file "Release\Base.unsuccessfulbuild".
         Touching "Release\Base.lastbuildstate".
     1>Done Building Project "C:\Users\Giggs\Desktop\SPTHREE\SP3 Framework\Base\Base.vcxproj" (build target(s)).

Build succeeded.

Time Elapsed 00:00:02.21
